[0m17:08:15.664372 [debug] [MainThread]: Sending event: {'category': 'dbt', 'action': 'invocation', 'label': 'start', 'context': [<snowplow_tracker.self_describing_json.SelfDescribingJson object at 0x000001F87F3230E0>, <snowplow_tracker.self_describing_json.SelfDescribingJson object at 0x000001F87DFC11D0>, <snowplow_tracker.self_describing_json.SelfDescribingJson object at 0x000001F801287D90>]}


============================== 17:08:15.689787 | c34d2b92-8fc1-41d4-afd9-91b0a97f1305 ==============================
[0m17:08:15.689787 [info ] [MainThread]: Running with dbt=1.9.6
[0m17:08:15.690355 [debug] [MainThread]: running dbt with arguments {'printer_width': '80', 'indirect_selection': 'eager', 'write_json': 'True', 'log_cache_events': 'False', 'partial_parse': 'True', 'cache_selected_only': 'False', 'profiles_dir': '../', 'version_check': 'True', 'warn_error': 'None', 'log_path': 'logs', 'fail_fast': 'False', 'debug': 'False', 'use_colors': 'True', 'use_experimental_parser': 'False', 'no_print': 'None', 'quiet': 'False', 'empty': 'None', 'log_format': 'default', 'static_parser': 'True', 'warn_error_options': 'WarnErrorOptions(include=[], exclude=[])', 'invocation_command': 'dbt init', 'target_path': 'None', 'introspect': 'True', 'send_anonymous_usage_stats': 'True'}
[0m17:08:23.400065 [debug] [MainThread]: Starter project path: C:\Users\pschm\OneDrive\eng\jdd\bootcamp_dbt\dbt-deploy\.venv\Lib\site-packages\dbt\include\starter_project
[0m17:08:23.410419 [info ] [MainThread]: 
Your new dbt project "chinook" was created!

For more information on how to configure the profiles.yml file,
please consult the dbt documentation here:

  https://docs.getdbt.com/docs/configure-your-profile

One more thing:

Need help? Don't hesitate to reach out to us via GitHub issues or on Slack:

  https://community.getdbt.com/

Happy modeling!

[0m17:08:23.410961 [info ] [MainThread]: Setting up your profile.
[0m17:08:36.709205 [debug] [MainThread]: Command `dbt init` succeeded at 17:08:36.708980 after 21.17 seconds
[0m17:08:36.709719 [debug] [MainThread]: Sending event: {'category': 'dbt', 'action': 'invocation', 'label': 'end', 'context': [<snowplow_tracker.self_describing_json.SelfDescribingJson object at 0x000001F8012A7360>, <snowplow_tracker.self_describing_json.SelfDescribingJson object at 0x000001F8013A95B0>, <snowplow_tracker.self_describing_json.SelfDescribingJson object at 0x000001F801196E00>]}
[0m17:08:36.710136 [debug] [MainThread]: Flushing usage events
[0m17:08:37.351297 [debug] [MainThread]: An error was encountered while trying to flush usage events
[0m17:21:48.755543 [debug] [MainThread]: Sending event: {'category': 'dbt', 'action': 'invocation', 'label': 'start', 'context': [<snowplow_tracker.self_describing_json.SelfDescribingJson object at 0x0000013878F230E0>, <snowplow_tracker.self_describing_json.SelfDescribingJson object at 0x0000013877BB11D0>, <snowplow_tracker.self_describing_json.SelfDescribingJson object at 0x000001387ADB3D90>]}


============================== 17:21:48.781024 | a3584078-ac8e-4ccd-90b2-c23c08b87d5d ==============================
[0m17:21:48.781024 [info ] [MainThread]: Running with dbt=1.9.6
[0m17:21:48.781579 [debug] [MainThread]: running dbt with arguments {'printer_width': '80', 'indirect_selection': 'eager', 'write_json': 'True', 'log_cache_events': 'False', 'partial_parse': 'True', 'cache_selected_only': 'False', 'profiles_dir': '../', 'version_check': 'True', 'fail_fast': 'False', 'log_path': 'logs', 'warn_error': 'None', 'debug': 'False', 'use_colors': 'True', 'use_experimental_parser': 'False', 'no_print': 'None', 'quiet': 'False', 'empty': 'None', 'log_format': 'default', 'static_parser': 'True', 'introspect': 'True', 'warn_error_options': 'WarnErrorOptions(include=[], exclude=[])', 'target_path': 'None', 'invocation_command': 'dbt debug', 'send_anonymous_usage_stats': 'True'}
[0m17:21:48.813889 [info ] [MainThread]: dbt version: 1.9.6
[0m17:21:48.814341 [info ] [MainThread]: python version: 3.13.1
[0m17:21:48.814716 [info ] [MainThread]: python path: C:\Users\pschm\OneDrive\eng\jdd\bootcamp_dbt\dbt-deploy\.venv\Scripts\python.exe
[0m17:21:48.815097 [info ] [MainThread]: os info: Windows-11-10.0.26100-SP0
[0m17:21:48.815507 [info ] [MainThread]: Using profiles dir at ../
[0m17:21:48.815858 [info ] [MainThread]: Using profiles.yml file at ../profiles.yml
[0m17:21:48.816143 [info ] [MainThread]: Using dbt_project.yml file at C:\Users\pschm\OneDrive\eng\jdd\bootcamp_dbt\dbt-deploy\dbt_project.yml
[0m17:21:48.816471 [info ] [MainThread]: Configuration:
[0m17:21:48.816781 [info ] [MainThread]:   profiles.yml file [[31mERROR not found[0m]
[0m17:21:48.817065 [info ] [MainThread]:   dbt_project.yml file [[31mERROR not found[0m]
[0m17:21:48.817333 [info ] [MainThread]: Required dependencies:
[0m17:21:48.817612 [debug] [MainThread]: Executing "git --help"
[0m17:21:48.834016 [debug] [MainThread]: STDOUT: "b"usage: git [-v | --version] [-h | --help] [-C <path>] [-c <name>=<value>]\n           [--exec-path[=<path>]] [--html-path] [--man-path] [--info-path]\n           [-p | --paginate | -P | --no-pager] [--no-replace-objects] [--no-lazy-fetch]\n           [--no-optional-locks] [--no-advice] [--bare] [--git-dir=<path>]\n           [--work-tree=<path>] [--namespace=<name>] [--config-env=<name>=<envvar>]\n           <command> [<args>]\n\nThese are common Git commands used in various situations:\n\nstart a working area (see also: git help tutorial)\n   clone      Clone a repository into a new directory\n   init       Create an empty Git repository or reinitialize an existing one\n\nwork on the current change (see also: git help everyday)\n   add        Add file contents to the index\n   mv         Move or rename a file, a directory, or a symlink\n   restore    Restore working tree files\n   rm         Remove files from the working tree and from the index\n\nexamine the history and state (see also: git help revisions)\n   bisect     Use binary search to find the commit that introduced a bug\n   diff       Show changes between commits, commit and working tree, etc\n   grep       Print lines matching a pattern\n   log        Show commit logs\n   show       Show various types of objects\n   status     Show the working tree status\n\ngrow, mark and tweak your common history\n   backfill   Download missing objects in a partial clone\n   branch     List, create, or delete branches\n   commit     Record changes to the repository\n   merge      Join two or more development histories together\n   rebase     Reapply commits on top of another base tip\n   reset      Reset current HEAD to the specified state\n   switch     Switch branches\n   tag        Create, list, delete or verify a tag object signed with GPG\n\ncollaborate (see also: git help workflows)\n   fetch      Download objects and refs from another repository\n   pull       Fetch from and integrate with another repository or a local branch\n   push       Update remote refs along with associated objects\n\n'git help -a' and 'git help -g' list available subcommands and some\nconcept guides. See 'git help <command>' or 'git help <concept>'\nto read about a specific subcommand or concept.\nSee 'git help git' for an overview of the system.\n""
[0m17:21:48.834422 [debug] [MainThread]: STDERR: "b''"
[0m17:21:48.834751 [info ] [MainThread]:  - git [[32mOK found[0m]

[0m17:21:48.835073 [info ] [MainThread]: Connection test skipped since no profile was found
[0m17:21:48.835402 [info ] [MainThread]: [31m2 checks failed:[0m
[0m17:21:48.835756 [info ] [MainThread]: dbt looked for a profiles.yml file in ../profiles.yml, but did
not find one. For more information on configuring your profile, consult the
documentation:

https://docs.getdbt.com/docs/configure-your-profile


[0m17:21:48.836246 [info ] [MainThread]: Project loading failed for the following reason:
 project path <C:\Users\pschm\OneDrive\eng\jdd\bootcamp_dbt\dbt-deploy\dbt_project.yml> not found

[0m17:21:48.836881 [debug] [MainThread]: Command `dbt debug` failed at 17:21:48.836792 after 0.17 seconds
[0m17:21:48.837172 [debug] [MainThread]: Sending event: {'category': 'dbt', 'action': 'invocation', 'label': 'end', 'context': [<snowplow_tracker.self_describing_json.SelfDescribingJson object at 0x000001387ADDB490>, <snowplow_tracker.self_describing_json.SelfDescribingJson object at 0x000001387ADDD250>, <snowplow_tracker.self_describing_json.SelfDescribingJson object at 0x000001387ACCF9B0>]}
[0m17:21:48.837507 [debug] [MainThread]: Flushing usage events
[0m17:21:49.564697 [debug] [MainThread]: An error was encountered while trying to flush usage events
